{"/Users/wangbaoqi/personal/nant-es-core/packages/internal/src/comparison/isCallable.ts": {"path":"/Users/wangbaoqi/personal/nant-es-core/packages/internal/src/comparison/isCallable.ts","all":false,"statementMap":{"3":{"start":{"line":4,"column":0},"end":{"line":4,"column":65}},"6":{"start":{"line":7,"column":0},"end":{"line":7,"column":17}},"7":{"start":{"line":8,"column":0},"end":{"line":8,"column":67}},"10":{"start":{"line":11,"column":0},"end":{"line":11,"column":52}},"11":{"start":{"line":12,"column":0},"end":{"line":12,"column":15}},"12":{"start":{"line":13,"column":0},"end":{"line":13,"column":68}},"14":{"start":{"line":15,"column":0},"end":{"line":15,"column":39}},"15":{"start":{"line":16,"column":0},"end":{"line":16,"column":1}}},"s":{"3":1,"6":1,"7":1,"10":1,"11":10,"12":10,"14":10,"15":10},"branchMap":{},"b":{},"fnMap":{"0":{"name":"isCallable","decl":{"start":{"line":11,"column":7},"end":{"line":16,"column":1}},"loc":{"start":{"line":11,"column":7},"end":{"line":16,"column":1}},"line":11}},"f":{"0":10}}
}
