{"/Users/wangbaoqi/personal/nant-es-core/packages/internal/src/comparison/isNullOrUndefined.ts": {"path":"/Users/wangbaoqi/personal/nant-es-core/packages/internal/src/comparison/isNullOrUndefined.ts","all":false,"statementMap":{"3":{"start":{"line":4,"column":0},"end":{"line":4,"column":53}},"4":{"start":{"line":5,"column":0},"end":{"line":5,"column":40}},"5":{"start":{"line":6,"column":0},"end":{"line":6,"column":1}}},"s":{"3":1,"4":8,"5":8},"branchMap":{},"b":{},"fnMap":{"0":{"name":"isNullOrUndefined","decl":{"start":{"line":4,"column":7},"end":{"line":6,"column":1}},"loc":{"start":{"line":4,"column":7},"end":{"line":6,"column":1}},"line":4}},"f":{"0":8}}
,"/Users/wangbaoqi/personal/nant-es-core/packages/internal/src/comparison/requireObjectCoercible.ts": {"path":"/Users/wangbaoqi/personal/nant-es-core/packages/internal/src/comparison/requireObjectCoercible.ts","all":false,"statementMap":{"1":{"start":{"line":2,"column":0},"end":{"line":2,"column":56}},"4":{"start":{"line":5,"column":0},"end":{"line":5,"column":58}},"5":{"start":{"line":6,"column":0},"end":{"line":6,"column":27}},"6":{"start":{"line":7,"column":0},"end":{"line":7,"column":65}},"7":{"start":{"line":8,"column":0},"end":{"line":8,"column":11}},"8":{"start":{"line":9,"column":0},"end":{"line":9,"column":1}}},"s":{"1":1,"4":1,"5":8,"6":8,"7":8,"8":8},"branchMap":{},"b":{},"fnMap":{"0":{"name":"requireObjectCoercible","decl":{"start":{"line":5,"column":7},"end":{"line":9,"column":1}},"loc":{"start":{"line":5,"column":7},"end":{"line":9,"column":1}},"line":5}},"f":{"0":8}}
}
